Arguments: 
  /home/tushar/.nvm/versions/node/v14.15.3/bin/node /usr/share/yarn/bin/yarn.js add ./package.json

PATH: 
  /home/tushar/.nvm/versions/node/v14.15.3/bin:/usr/local/sbin:/usr/local/bin:/usr/sbin:/usr/bin:/sbin:/bin:/usr/games:/usr/local/games:/snap/bin:/usr/local/go/bin:/home/tushar/Android/Sdk/emulator:/home/tushar/Android/Sdk/tools:/home/tushar/Android/Sdk/tools/bin:/home/tushar/Android/Sdk/platform-tools:/home/tushar/go/bin:/usr/local/go/bin:/home/tushar/Android/Sdk/emulator:/home/tushar/Android/Sdk/tools:/home/tushar/Android/Sdk/tools/bin:/home/tushar/Android/Sdk/platform-tools:/home/tushar/go/bin:/usr/local/go/bin:/home/tushar/Android/Sdk/emulator:/home/tushar/Android/Sdk/tools:/home/tushar/Android/Sdk/tools/bin:/home/tushar/Android/Sdk/platform-tools:/home/tushar/go/bin

Yarn version: 
  1.22.5

Node version: 
  14.15.3

Platform: 
  linux x64

Trace: 
  Error: ENOTDIR: not a directory, scandir '/home/tushar/.cache/yarn/v6/npm-media-tushar-ew-olume-ebdev-nterview-cheduler-0.0.0-77ac7a07-6bc4-4e71-b54c-617a4567f008-1627459745773/node_modules/media/tushar/New Volume/Webdev/Interview-Scheduler'

npm manifest: 
  {
    "name": "react",
    "version": "1.0.0",
    "description": "React example starter project",
    "keywords": [
      "react",
      "starter"
    ],
    "main": "src/index.js",
    "dependencies": {
      "material-ui-thai-datepickers": "1.1.7",
      "react": "17.0.2",
      "react-dom": "17.0.2",
      "react-dropdown": "1.9.2",
      "react-icons": "4.2.0",
      "react-particles-js": "3.5.3",
      "react-router-dom": "5.2.0",
      "react-scripts": "4.0.0",
      "tsparticles": "1.32.0"
    },
    "devDependencies": {
      "@babel/runtime": "7.13.8",
      "typescript": "4.1.3"
    },
    "scripts": {
      "start": "react-scripts start",
      "build": "react-scripts build",
      "test": "react-scripts test --env=jsdom",
      "eject": "react-scripts eject"
    },
    "browserslist": [
      ">0.2%",
      "not dead",
      "not ie <= 11",
      "not op_mini all"
    ]
  }

yarn manifest: 
  No manifest

Lockfile: 
  No lockfile
